<?xml version="1.0" encoding="UTF-8"?>
<!-- Generated by org.testng.reporters.JUnitReportReporter -->
<testsuite hostname="ZSCHN01LP0032" failures="0" tests="4" name="testScripts.Article_Test" time="2.684" errors="0" timestamp="2024-02-15T10:32:04 IST" skipped="0">
  <testcase classname="testScripts.Article_Test" name="loginTest" time="0.694"/>
  <system-out/>
  <testcase classname="testScripts.Article_Test" name="newArticle" time="0.970"/>
  <system-out/>
  <testcase classname="testScripts.Article_Test" name="update_Article" time="0.970"/>
  <system-out/>
  <testcase classname="testScripts.Article_Test" name="delete_Article" time="0.050"/>
  <system-out/>
</testsuite> <!-- testScripts.Article_Test -->
