<?xml version="1.0" encoding="UTF-8"?>
<!-- Generated by org.testng.reporters.JUnitReportReporter -->
<testsuite hostname="ZSCHN01LP0032" failures="0" tests="4" name="testScripts.Article_Test" time="4.552" errors="0" timestamp="2024-02-15T21:13:48 IST" skipped="0">
  <testcase classname="testScripts.Article_Test" name="loginTest" time="0.861"/>
  <system-out/>
  <testcase classname="testScripts.Article_Test" name="newArticle" time="1.151"/>
  <system-out/>
  <testcase classname="testScripts.Article_Test" name="update_Article" time="1.850"/>
  <system-out/>
  <testcase classname="testScripts.Article_Test" name="delete_Article" time="0.690"/>
  <system-out/>
</testsuite> <!-- testScripts.Article_Test -->
