<?xml version="1.0" encoding="UTF-8"?>
<!-- Generated by org.testng.reporters.JUnitReportReporter -->
<testsuite hostname="ZSCHN01LP0032" failures="0" tests="6" name="testScripts.Article_Test" time="4.898" errors="0" timestamp="2024-02-16T12:12:10 IST" skipped="0">
  <testcase classname="testScripts.Article_Test" name="InValidLoginTest" time="0.658"/>
  <system-out/>
  <testcase classname="testScripts.Article_Test" name="ValidLoginTest" time="0.602"/>
  <system-out/>
  <testcase classname="testScripts.Article_Test" name="duplicateArticleTest" time="0.743"/>
  <system-out/>
  <testcase classname="testScripts.Article_Test" name="newArticleTest" time="1.110"/>
  <system-out/>
  <testcase classname="testScripts.Article_Test" name="update_ArticleTest" time="1.081"/>
  <system-out/>
  <testcase classname="testScripts.Article_Test" name="delete_ArticleTest" time="0.704"/>
  <system-out/>
</testsuite> <!-- testScripts.Article_Test -->
