<?xml version="1.0" encoding="UTF-8"?>
<!-- Generated by org.testng.reporters.JUnitReportReporter -->
<testsuite hostname="ZSCHN01LP0032" failures="0" tests="4" name="testScripts.Article_Test" time="5.552" errors="0" timestamp="2024-02-14T11:46:37 IST" skipped="0">
  <testcase classname="testScripts.Article_Test" name="loginTest" time="2.254"/>
  <system-out/>
  <testcase classname="testScripts.Article_Test" name="newArticle" time="1.654"/>
  <system-out/>
  <testcase classname="testScripts.Article_Test" name="update_Article" time="1.253"/>
  <system-out/>
  <testcase classname="testScripts.Article_Test" name="delete_Article" time="0.391"/>
  <system-out/>
</testsuite> <!-- testScripts.Article_Test -->
